2013-10-10 09:24:54,051 [main] INFO  c.n.h.c.p.n.NettyAsyncHttpProvider - Number of application's worked threads is 4
2013-10-10 09:24:55,134 [main] ERROR o.e.r.i.r.repo.ModelRepositoryIndex - Failed to open search index.
org.apache.lucene.index.IndexNotFoundException: no segments* file found in org.apache.lucene.store.SimpleFSDirectory@C:\Users\Guillermo\Desktop\Grado Informática\WORKSPACES\EdaI\.metadata\.plugins\org.eclipse.recommenders.rcp\index lockFactory=org.apache.lucene.store.NativeFSLockFactory@19cdc79: files: []
	at org.apache.lucene.index.SegmentInfos$FindSegmentsFile.run(SegmentInfos.java:712) ~[org.apache.lucene.core_3.5.0.v20120725-1805.jar:3.5.0 1204988 - simon - 2011-11-22 14:46:51]
	at org.apache.lucene.index.DirectoryReader.open(DirectoryReader.java:75) ~[org.apache.lucene.core_3.5.0.v20120725-1805.jar:3.5.0 1204988 - simon - 2011-11-22 14:46:51]
	at org.apache.lucene.index.IndexReader.open(IndexReader.java:462) ~[org.apache.lucene.core_3.5.0.v20120725-1805.jar:3.5.0 1204988 - simon - 2011-11-22 14:46:51]
	at org.apache.lucene.index.IndexReader.open(IndexReader.java:308) ~[org.apache.lucene.core_3.5.0.v20120725-1805.jar:3.5.0 1204988 - simon - 2011-11-22 14:46:51]
	at org.eclipse.recommenders.internal.rcp.repo.ModelRepositoryIndex.open(ModelRepositoryIndex.java:64) ~[org.eclipse.recommenders.rcp_1.0.5.v20130822-0858-b90.jar:na]
	at org.eclipse.recommenders.internal.rcp.wiring.RecommendersModule$ServicesInitializer.<init>(RecommendersModule.java:377) [org.eclipse.recommenders.rcp_1.0.5.v20130822-0858-b90.jar:na]
	at sun.reflect.NativeConstructorAccessorImpl.newInstance0(Native Method) [na:1.7.0]
	at sun.reflect.NativeConstructorAccessorImpl.newInstance(NativeConstructorAccessorImpl.java:57) [na:1.7.0]
	at sun.reflect.DelegatingConstructorAccessorImpl.newInstance(DelegatingConstructorAccessorImpl.java:45) [na:1.7.0]
	at java.lang.reflect.Constructor.newInstance(Constructor.java:525) [na:1.7.0]
	at com.google.inject.internal.DefaultConstructionProxyFactory$1.newInstance(DefaultConstructionProxyFactory.java:85) [com.google.inject_3.0.0.v201203062045.jar:na]
	at com.google.inject.internal.ConstructorInjector.construct(ConstructorInjector.java:85) [com.google.inject_3.0.0.v201203062045.jar:na]
	at com.google.inject.internal.ConstructorBindingImpl$Factory.get(ConstructorBindingImpl.java:254) [com.google.inject_3.0.0.v201203062045.jar:na]
	at com.google.inject.internal.ProviderToInternalFactoryAdapter$1.call(ProviderToInternalFactoryAdapter.java:46) [com.google.inject_3.0.0.v201203062045.jar:na]
	at com.google.inject.internal.InjectorImpl.callInContext(InjectorImpl.java:1031) [com.google.inject_3.0.0.v201203062045.jar:na]
	at com.google.inject.internal.ProviderToInternalFactoryAdapter.get(ProviderToInternalFactoryAdapter.java:40) [com.google.inject_3.0.0.v201203062045.jar:na]
	at com.google.inject.Scopes$1$1.get(Scopes.java:65) [com.google.inject_3.0.0.v201203062045.jar:na]
	at com.google.inject.internal.InternalFactoryToProviderAdapter.get(InternalFactoryToProviderAdapter.java:40) [com.google.inject_3.0.0.v201203062045.jar:na]
	at com.google.inject.internal.InternalInjectorCreator$1.call(InternalInjectorCreator.java:204) [com.google.inject_3.0.0.v201203062045.jar:na]
	at com.google.inject.internal.InternalInjectorCreator$1.call(InternalInjectorCreator.java:198) [com.google.inject_3.0.0.v201203062045.jar:na]
	at com.google.inject.internal.InjectorImpl.callInContext(InjectorImpl.java:1024) [com.google.inject_3.0.0.v201203062045.jar:na]
	at com.google.inject.internal.InternalInjectorCreator.loadEagerSingletons(InternalInjectorCreator.java:198) [com.google.inject_3.0.0.v201203062045.jar:na]
	at com.google.inject.internal.InternalInjectorCreator.injectDynamically(InternalInjectorCreator.java:179) [com.google.inject_3.0.0.v201203062045.jar:na]
	at com.google.inject.internal.InternalInjectorCreator.build(InternalInjectorCreator.java:109) [com.google.inject_3.0.0.v201203062045.jar:na]
	at com.google.inject.Guice.createInjector(Guice.java:95) [com.google.inject_3.0.0.v201203062045.jar:na]
	at com.google.inject.Guice.createInjector(Guice.java:72) [com.google.inject_3.0.0.v201203062045.jar:na]
	at org.eclipse.recommenders.injection.InjectionService.getInjector(InjectionService.java:47) [org.eclipse.recommenders.injection_1.0.5.v20130822-0858-b90.jar:na]
	at org.eclipse.recommenders.injection.ExtensionFactory.<init>(ExtensionFactory.java:28) [org.eclipse.recommenders.injection_1.0.5.v20130822-0858-b90.jar:na]
	at sun.reflect.NativeConstructorAccessorImpl.newInstance0(Native Method) [na:1.7.0]
	at sun.reflect.NativeConstructorAccessorImpl.newInstance(NativeConstructorAccessorImpl.java:57) [na:1.7.0]
	at sun.reflect.DelegatingConstructorAccessorImpl.newInstance(DelegatingConstructorAccessorImpl.java:45) [na:1.7.0]
	at java.lang.reflect.Constructor.newInstance(Constructor.java:525) [na:1.7.0]
	at java.lang.Class.newInstance0(Class.java:372) [na:1.7.0]
	at java.lang.Class.newInstance(Class.java:325) [na:1.7.0]
	at org.eclipse.core.internal.registry.osgi.RegistryStrategyOSGI.createExecutableExtension(RegistryStrategyOSGI.java:184) [org.eclipse.equinox.registry_3.5.301.v20130717-1549.jar:na]
	at org.eclipse.core.internal.registry.ExtensionRegistry.createExecutableExtension(ExtensionRegistry.java:905) [org.eclipse.equinox.registry_3.5.301.v20130717-1549.jar:na]
	at org.eclipse.core.internal.registry.ConfigurationElement.createExecutableExtension(ConfigurationElement.java:243) [org.eclipse.equinox.registry_3.5.301.v20130717-1549.jar:na]
	at org.eclipse.core.internal.registry.ConfigurationElementHandle.createExecutableExtension(ConfigurationElementHandle.java:55) [org.eclipse.equinox.registry_3.5.301.v20130717-1549.jar:na]
	at org.eclipse.jdt.internal.ui.text.java.CompletionProposalComputerDescriptor.createComputer(CompletionProposalComputerDescriptor.java:308) [org.eclipse.jdt.ui_3.9.1.v20130820-1427.jar:na]
	at org.eclipse.jdt.internal.ui.text.java.CompletionProposalComputerDescriptor.getComputer(CompletionProposalComputerDescriptor.java:275) [org.eclipse.jdt.ui_3.9.1.v20130820-1427.jar:na]
	at org.eclipse.jdt.internal.ui.text.java.CompletionProposalComputerDescriptor.sessionStarted(CompletionProposalComputerDescriptor.java:418) [org.eclipse.jdt.ui_3.9.1.v20130820-1427.jar:na]
	at org.eclipse.jdt.internal.ui.text.java.CompletionProposalCategory.sessionStarted(CompletionProposalCategory.java:384) [org.eclipse.jdt.ui_3.9.1.v20130820-1427.jar:na]
	at org.eclipse.jdt.internal.ui.text.java.ContentAssistProcessor$CompletionListener.assistSessionStarted(ContentAssistProcessor.java:119) [org.eclipse.jdt.ui_3.9.1.v20130820-1427.jar:na]
	at org.eclipse.jface.text.contentassist.ContentAssistant.fireSessionBeginEvent(ContentAssistant.java:2221) [org.eclipse.jface.text_3.8.101.v20130802-1147.jar:na]
	at org.eclipse.jface.text.contentassist.ContentAssistant.prepareToShowCompletions(ContentAssistant.java:1696) [org.eclipse.jface.text_3.8.101.v20130802-1147.jar:na]
	at org.eclipse.jface.text.contentassist.ContentAssistant.access$6(ContentAssistant.java:1687) [org.eclipse.jface.text_3.8.101.v20130802-1147.jar:na]
	at org.eclipse.jface.text.contentassist.ContentAssistant$2.run(ContentAssistant.java:376) [org.eclipse.jface.text_3.8.101.v20130802-1147.jar:na]
	at org.eclipse.swt.widgets.RunnableLock.run(RunnableLock.java:35) [org.eclipse.swt.win32.win32.x86_3.102.1.v20130827-2048.jar:na]
	at org.eclipse.swt.widgets.Synchronizer.runAsyncMessages(Synchronizer.java:135) [org.eclipse.swt.win32.win32.x86_3.102.1.v20130827-2048.jar:na]
	at org.eclipse.swt.widgets.Display.runAsyncMessages(Display.java:4145) [org.eclipse.swt.win32.win32.x86_3.102.1.v20130827-2048.jar:na]
	at org.eclipse.swt.widgets.Display.readAndDispatch(Display.java:3762) [org.eclipse.swt.win32.win32.x86_3.102.1.v20130827-2048.jar:na]
	at org.eclipse.e4.ui.internal.workbench.swt.PartRenderingEngine$9.run(PartRenderingEngine.java:1113) [org.eclipse.e4.ui.workbench.swt_0.12.1.v20130815-1438.jar:na]
	at org.eclipse.core.databinding.observable.Realm.runWithDefault(Realm.java:332) [org.eclipse.core.databinding.observable_1.4.1.v20130515-1857.jar:na]
	at org.eclipse.e4.ui.internal.workbench.swt.PartRenderingEngine.run(PartRenderingEngine.java:997) [org.eclipse.e4.ui.workbench.swt_0.12.1.v20130815-1438.jar:na]
	at org.eclipse.e4.ui.internal.workbench.E4Workbench.createAndRunUI(E4Workbench.java:138) [org.eclipse.e4.ui.workbench_1.0.1.v20130910-2014.jar:na]
	at org.eclipse.ui.internal.Workbench$5.run(Workbench.java:610) [org.eclipse.ui.workbench_3.105.1.v20130821-1411.jar:na]
	at org.eclipse.core.databinding.observable.Realm.runWithDefault(Realm.java:332) [org.eclipse.core.databinding.observable_1.4.1.v20130515-1857.jar:na]
	at org.eclipse.ui.internal.Workbench.createAndRunWorkbench(Workbench.java:567) [org.eclipse.ui.workbench_3.105.1.v20130821-1411.jar:na]
	at org.eclipse.ui.PlatformUI.createAndRunWorkbench(PlatformUI.java:150) [org.eclipse.ui.workbench_3.105.1.v20130821-1411.jar:na]
	at org.eclipse.ui.internal.ide.application.IDEApplication.start(IDEApplication.java:124) [org.eclipse.ui.ide.application_1.0.400.v20130326-1250.jar:na]
	at org.eclipse.equinox.internal.app.EclipseAppHandle.run(EclipseAppHandle.java:196) [org.eclipse.equinox.app_1.3.100.v20130327-1442.jar:na]
	at org.eclipse.core.runtime.internal.adaptor.EclipseAppLauncher.runApplication(EclipseAppLauncher.java:110) [org.eclipse.osgi_3.9.1.v20130814-1242.jar:na]
	at org.eclipse.core.runtime.internal.adaptor.EclipseAppLauncher.start(EclipseAppLauncher.java:79) [org.eclipse.osgi_3.9.1.v20130814-1242.jar:na]
	at org.eclipse.core.runtime.adaptor.EclipseStarter.run(EclipseStarter.java:354) [org.eclipse.osgi_3.9.1.v20130814-1242.jar:na]
	at org.eclipse.core.runtime.adaptor.EclipseStarter.run(EclipseStarter.java:181) [org.eclipse.osgi_3.9.1.v20130814-1242.jar:na]
	at sun.reflect.NativeMethodAccessorImpl.invoke0(Native Method) ~[na:1.7.0]
	at sun.reflect.NativeMethodAccessorImpl.invoke(NativeMethodAccessorImpl.java:57) ~[na:1.7.0]
	at sun.reflect.DelegatingMethodAccessorImpl.invoke(DelegatingMethodAccessorImpl.java:43) ~[na:1.7.0]
	at java.lang.reflect.Method.invoke(Method.java:601) ~[na:1.7.0]
	at org.eclipse.equinox.launcher.Main.invokeFramework(Main.java:636) [org.eclipse.equinox.launcher_1.3.0.v20130327-1440.jar:na]
	at org.eclipse.equinox.launcher.Main.basicRun(Main.java:591) [org.eclipse.equinox.launcher_1.3.0.v20130327-1440.jar:na]
	at org.eclipse.equinox.launcher.Main.run(Main.java:1450) [org.eclipse.equinox.launcher_1.3.0.v20130327-1440.jar:na]
	at org.eclipse.equinox.launcher.Main.main(Main.java:1426) [org.eclipse.equinox.launcher_1.3.0.v20130327-1440.jar:na]
2013-10-10 09:24:55,227 [pool-6-thread-1] INFO  c.n.h.c.p.n.NettyAsyncHttpProvider - Number of application's worked threads is 4
2013-10-10 09:25:02,525 [pool-8-thread-1] INFO  c.n.h.c.p.n.NettyAsyncHttpProvider - Number of application's worked threads is 4
2013-10-10 18:49:21,238 [main] INFO  c.n.h.c.p.n.NettyAsyncHttpProvider - Number of application's worked threads is 4
2013-10-10 18:49:24,536 [pool-6-thread-1] INFO  c.n.h.c.p.n.NettyAsyncHttpProvider - Number of application's worked threads is 4
2013-10-10 18:49:25,760 [pool-8-thread-1] INFO  c.n.h.c.p.n.NettyAsyncHttpProvider - Number of application's worked threads is 4
2013-10-10 18:49:26,912 [pool-10-thread-1] INFO  c.n.h.c.p.n.NettyAsyncHttpProvider - Number of application's worked threads is 4
2013-10-17 11:56:47,383 [main] INFO  c.n.h.c.p.n.NettyAsyncHttpProvider - Number of application's worked threads is 4
2013-10-24 10:04:21,346 [main] INFO  c.n.h.c.p.n.NettyAsyncHttpProvider - Number of application's worked threads is 4
2013-11-01 13:03:44,457 [main] INFO  c.n.h.c.p.n.NettyAsyncHttpProvider - Number of application's worked threads is 4
2013-11-02 15:27:34,737 [main] INFO  c.n.h.c.p.n.NettyAsyncHttpProvider - Number of application's worked threads is 4
2013-11-02 18:41:27,614 [main] INFO  c.n.h.c.p.n.NettyAsyncHttpProvider - Number of application's worked threads is 4
2013-11-03 15:58:25,130 [main] INFO  c.n.h.c.p.n.NettyAsyncHttpProvider - Number of application's worked threads is 4
2013-11-14 01:00:10,173 [main] INFO  c.n.h.c.p.n.NettyAsyncHttpProvider - Number of application's worked threads is 4
2013-11-14 09:23:07,778 [main] INFO  c.n.h.c.p.n.NettyAsyncHttpProvider - Number of application's worked threads is 4
2013-11-15 12:35:34,656 [main] INFO  c.n.h.c.p.n.NettyAsyncHttpProvider - Number of application's worked threads is 4
2013-11-16 13:08:30,915 [main] INFO  c.n.h.c.p.n.NettyAsyncHttpProvider - Number of application's worked threads is 4
2013-11-17 17:37:41,657 [main] INFO  c.n.h.c.p.n.NettyAsyncHttpProvider - Number of application's worked threads is 4
2013-11-17 19:12:09,738 [main] INFO  c.n.h.c.p.n.NettyAsyncHttpProvider - Number of application's worked threads is 4
2013-11-21 09:38:17,996 [main] INFO  c.n.h.c.p.n.NettyAsyncHttpProvider - Number of application's worked threads is 4
2013-11-21 09:38:18,524 [Worker-3] WARN  o.e.r.i.rcp.repo.ModelRepository - 'remote-models (http://download.eclipse.org/recommenders/models/kepler/, releases+snapshots)' did not send ETAG header for 'org.eclipse.recommenders:index:zip:0.0.0'.
2013-11-21 09:38:21,036 [pool-6-thread-1] INFO  c.n.h.c.p.n.NettyAsyncHttpProvider - Number of application's worked threads is 4
2013-11-21 09:38:21,060 [Worker-3] WARN  o.e.r.i.rcp.repo.ModelRepository - 'remote-models (http://download.eclipse.org/recommenders/models/kepler/, releases+snapshots)' did not send ETAG header for 'org.eclipse.recommenders:index:zip:0.0.0'.
2013-11-21 09:38:21,719 [Worker-3] WARN  o.e.r.i.r.repo.UpdateModelIndexJob - Updating index cancelled.
org.sonatype.aether.resolution.DependencyResolutionException: Could not transfer artifact org.eclipse.recommenders:index:zip:0.0.0 from/to remote-models (http://download.eclipse.org/recommenders/models/kepler/): Error transferring file: null to http://download.eclipse.org/recommenders/models/kepler/org/eclipse/recommenders/index/0.0.0/index-0.0.0.zip
	at org.sonatype.aether.impl.internal.DefaultRepositorySystem.resolveDependencies(DefaultRepositorySystem.java:375) ~[na:na]
	at org.eclipse.recommenders.internal.rcp.repo.ModelRepository.resolve(ModelRepository.java:226) ~[na:na]
	at org.eclipse.recommenders.internal.rcp.repo.UpdateModelIndexJob.downloadAndUnzipIndex(UpdateModelIndexJob.java:70) ~[na:na]
	at org.eclipse.recommenders.internal.rcp.repo.UpdateModelIndexJob.run(UpdateModelIndexJob.java:51) ~[na:na]
	at org.eclipse.core.internal.jobs.Worker.run(Worker.java:53) [org.eclipse.core.jobs_3.5.300.v20130429-1813.jar:na]
Caused by: org.sonatype.aether.resolution.ArtifactResolutionException: Could not transfer artifact org.eclipse.recommenders:index:zip:0.0.0 from/to remote-models (http://download.eclipse.org/recommenders/models/kepler/): Error transferring file: null to http://download.eclipse.org/recommenders/models/kepler/org/eclipse/recommenders/index/0.0.0/index-0.0.0.zip
	at org.sonatype.aether.impl.internal.DefaultArtifactResolver.resolve(DefaultArtifactResolver.java:538) ~[na:na]
	at org.sonatype.aether.impl.internal.DefaultArtifactResolver.resolveArtifacts(DefaultArtifactResolver.java:216) ~[na:na]
	at org.sonatype.aether.impl.internal.DefaultRepositorySystem.resolveDependencies(DefaultRepositorySystem.java:358) ~[na:na]
	... 4 common frames omitted
org.sonatype.aether.transfer.ArtifactTransferException: Could not transfer artifact org.eclipse.recommenders:index:zip:0.0.0 from/to remote-models (http://download.eclipse.org/recommenders/models/kepler/): Error transferring file: null to http://download.eclipse.org/recommenders/models/kepler/org/eclipse/recommenders/index/0.0.0/index-0.0.0.zip
	at org.sonatype.aether.connector.wagon.WagonRepositoryConnector$4.wrap(WagonRepositoryConnector.java:951) ~[na:na]
	at org.sonatype.aether.connector.wagon.WagonRepositoryConnector$4.wrap(WagonRepositoryConnector.java:941) ~[na:na]
	at org.sonatype.aether.connector.wagon.WagonRepositoryConnector$GetTask.run(WagonRepositoryConnector.java:669) ~[na:na]
	at org.sonatype.aether.util.concurrency.RunnableErrorForwarder$1.run(RunnableErrorForwarder.java:60) ~[na:na]
	at java.util.concurrent.ThreadPoolExecutor.runWorker(ThreadPoolExecutor.java:1110) ~[na:1.7.0]
	at java.util.concurrent.ThreadPoolExecutor$Worker.run(ThreadPoolExecutor.java:603) ~[na:1.7.0]
	at java.lang.Thread.run(Thread.java:722) ~[na:1.7.0]
Caused by: org.apache.maven.wagon.TransferFailedException: Error transferring file: null to http://download.eclipse.org/recommenders/models/kepler/org/eclipse/recommenders/index/0.0.0/index-0.0.0.zip
	at org.sonatype.maven.wagon.AhcWagon.fillInputData(AhcWagon.java:301) ~[na:na]
	at org.apache.maven.wagon.StreamWagon.getInputStream(StreamWagon.java:116) ~[na:na]
	at org.apache.maven.wagon.StreamWagon.getIfNewer(StreamWagon.java:88) ~[na:na]
	at org.apache.maven.wagon.StreamWagon.get(StreamWagon.java:61) ~[na:na]
	at org.sonatype.aether.connector.wagon.WagonRepositoryConnector$GetTask.run(WagonRepositoryConnector.java:601) ~[na:na]
	... 4 common frames omitted
Caused by: java.io.IOException: null to http://download.eclipse.org/recommenders/models/kepler/org/eclipse/recommenders/index/0.0.0/index-0.0.0.zip
	at org.sonatype.maven.wagon.AhcWagon.fillInputData(AhcWagon.java:270) ~[na:na]
	... 8 common frames omitted
Caused by: java.net.ConnectException: null to http://download.eclipse.org/recommenders/models/kepler/org/eclipse/recommenders/index/0.0.0/index-0.0.0.zip
	at com.ning.http.client.providers.netty.NettyConnectListener.operationComplete(NettyConnectListener.java:95) ~[na:na]
	at org.jboss.netty.channel.DefaultChannelFuture.notifyListener(DefaultChannelFuture.java:381) ~[na:na]
	at org.jboss.netty.channel.DefaultChannelFuture.addListener(DefaultChannelFuture.java:148) ~[na:na]
	at com.ning.http.client.providers.netty.NettyAsyncHttpProvider.doConnect(NettyAsyncHttpProvider.java:945) ~[na:na]
	at com.ning.http.client.providers.netty.NettyAsyncHttpProvider.execute(NettyAsyncHttpProvider.java:776) ~[na:na]
	at com.ning.http.client.AsyncHttpClient.executeRequest(AsyncHttpClient.java:484) ~[na:na]
	at com.ning.http.client.AsyncHttpClient$BoundRequestBuilder.execute(AsyncHttpClient.java:227) ~[na:na]
	at org.sonatype.maven.wagon.AhcWagon.fillInputData(AhcWagon.java:264) ~[na:na]
	... 8 common frames omitted
Caused by: java.nio.channels.UnresolvedAddressException: null
	at sun.nio.ch.Net.checkAddress(Net.java:85) ~[na:1.7.0]
	at sun.nio.ch.SocketChannelImpl.connect(SocketChannelImpl.java:597) ~[na:1.7.0]
	at org.jboss.netty.channel.socket.nio.NioClientSocketPipelineSink.connect(NioClientSocketPipelineSink.java:140) ~[na:na]
	at org.jboss.netty.channel.socket.nio.NioClientSocketPipelineSink.eventSunk(NioClientSocketPipelineSink.java:103) ~[na:na]
	at org.jboss.netty.handler.codec.oneone.OneToOneEncoder.handleDownstream(OneToOneEncoder.java:60) ~[na:na]
	at org.jboss.netty.handler.codec.http.HttpClientCodec.handleDownstream(HttpClientCodec.java:82) ~[na:na]
	at org.jboss.netty.handler.stream.ChunkedWriteHandler.handleDownstream(ChunkedWriteHandler.java:115) ~[na:na]
	at org.jboss.netty.channel.Channels.connect(Channels.java:541) ~[na:na]
	at org.jboss.netty.channel.AbstractChannel.connect(AbstractChannel.java:210) ~[na:na]
	at org.jboss.netty.bootstrap.ClientBootstrap.connect(ClientBootstrap.java:227) ~[na:na]
	at org.jboss.netty.bootstrap.ClientBootstrap.connect(ClientBootstrap.java:188) ~[na:na]
	at com.ning.http.client.providers.netty.NettyAsyncHttpProvider.doConnect(NettyAsyncHttpProvider.java:902) ~[na:na]
	... 12 common frames omitted
2013-11-21 09:38:27,206 [pool-8-thread-1] INFO  c.n.h.c.p.n.NettyAsyncHttpProvider - Number of application's worked threads is 4
2013-11-21 09:38:27,262 [Worker-12] WARN  o.e.r.i.rcp.repo.ModelRepository - 'remote-models (http://download.eclipse.org/recommenders/models/kepler/, releases+snapshots)' did not send ETAG header for 'jre:jre:zip:call:1.0.0'.
2013-11-28 09:53:02,867 [main] INFO  c.n.h.c.p.n.NettyAsyncHttpProvider - Number of application's worked threads is 4
2013-12-28 19:39:05,880 [main] INFO  c.n.h.c.p.n.NettyAsyncHttpProvider - Number of application's worked threads is 4
2013-12-29 18:50:02,180 [main] INFO  c.n.h.c.p.n.NettyAsyncHttpProvider - Number of application's worked threads is 4
2014-01-15 15:16:14,717 [main] INFO  c.n.h.c.p.n.NettyAsyncHttpProvider - Number of application's worked threads is 4
2014-01-16 10:06:59,385 [main] INFO  c.n.h.c.p.n.NettyAsyncHttpProvider - Number of application's worked threads is 4
2014-01-16 10:44:24,366 [main] INFO  c.n.h.c.p.n.NettyAsyncHttpProvider - Number of application's worked threads is 4
2014-01-16 21:43:00,096 [main] INFO  c.n.h.c.p.n.NettyAsyncHttpProvider - Number of application's worked threads is 4
2014-01-20 00:56:27,190 [main] INFO  c.n.h.c.p.n.NettyAsyncHttpProvider - Number of application's worked threads is 4
2014-01-20 10:09:12,303 [main] INFO  c.n.h.c.p.n.NettyAsyncHttpProvider - Number of application's worked threads is 4
2014-01-21 11:27:59,404 [main] INFO  c.n.h.c.p.n.NettyAsyncHttpProvider - Number of application's worked threads is 4
2014-07-21 13:11:16,889 [main] INFO  c.n.h.c.p.n.NettyAsyncHttpProvider - Number of application's worked threads is 4
2014-07-21 15:56:32,446 [main] INFO  c.n.h.c.p.n.NettyAsyncHttpProvider - Number of application's worked threads is 4
2014-07-21 17:31:38,857 [main] INFO  c.n.h.c.p.n.NettyAsyncHttpProvider - Number of application's worked threads is 4
2014-08-07 08:11:12,951 [main] INFO  c.n.h.c.p.n.NettyAsyncHttpProvider - Number of application's worked threads is 4
2014-08-21 19:51:14,787 [main] INFO  c.n.h.c.p.n.NettyAsyncHttpProvider - Number of application's worked threads is 4
2014-08-21 20:19:01,722 [main] INFO  c.n.h.c.p.n.NettyAsyncHttpProvider - Number of application's worked threads is 4
2014-08-21 21:28:00,618 [main] INFO  c.n.h.c.p.n.NettyAsyncHttpProvider - Number of application's worked threads is 4
2014-08-22 20:12:34,058 [main] INFO  c.n.h.c.p.n.NettyAsyncHttpProvider - Number of application's worked threads is 4
2014-08-26 11:41:03,903 [main] INFO  c.n.h.c.p.n.NettyAsyncHttpProvider - Number of application's worked threads is 4
2014-08-26 13:28:01,959 [main] INFO  c.n.h.c.p.n.NettyAsyncHttpProvider - Number of application's worked threads is 4
2014-08-26 14:14:29,183 [main] INFO  c.n.h.c.p.n.NettyAsyncHttpProvider - Number of application's worked threads is 4
2014-08-26 14:24:19,398 [main] INFO  c.n.h.c.p.n.NettyAsyncHttpProvider - Number of application's worked threads is 4
2014-08-26 16:47:34,419 [main] INFO  c.n.h.c.p.n.NettyAsyncHttpProvider - Number of application's worked threads is 4
2014-08-26 17:03:20,785 [main] INFO  c.n.h.c.p.n.NettyAsyncHttpProvider - Number of application's worked threads is 4
2014-08-27 17:34:53,951 [main] INFO  c.n.h.c.p.n.NettyAsyncHttpProvider - Number of application's worked threads is 4
2014-08-31 02:28:17,450 [main] INFO  c.n.h.c.p.n.NettyAsyncHttpProvider - Number of application's worked threads is 4
2014-08-31 05:35:51,065 [main] INFO  c.n.h.c.p.n.NettyAsyncHttpProvider - Number of application's worked threads is 4
2014-09-10 00:20:57,977 [main] INFO  c.n.h.c.p.n.NettyAsyncHttpProvider - Number of application's worked threads is 4
2014-09-10 18:35:46,011 [main] INFO  c.n.h.c.p.n.NettyAsyncHttpProvider - Number of application's worked threads is 4
2014-09-11 11:29:53,947 [main] INFO  c.n.h.c.p.n.NettyAsyncHttpProvider - Number of application's worked threads is 4
